Arguments: 
  C:\Program Files\nodejs\node.exe C:\Users\Administrator\AppData\Local\node\corepack\yarn\1.22.19\bin\yarn.js

PATH: 
  C:\Windows\system32;C:\Windows;C:\Windows\System32\Wbem;C:\Windows\System32\WindowsPowerShell\v1.0\;C:\Windows\System32\OpenSSH\;C:\Program Files\Microsoft VS Code\bin;C:\Program Files\Git\cmd;C:\Program Files\nodejs\;C:\Program Files\Git LFS;C:\Users\Administrator\AppData\Local\Microsoft\WindowsApps;C:\Users\Administrator\AppData\Roaming\npm

Yarn version: 
  1.22.19

Node version: 
  18.12.1

Platform: 
  win32 x64

Trace: 
  Error: EPERM: operation not permitted, unlink 'C:\source\3MarketDAO\dao-template\node_modules\keccak\prebuilds\win32-x64\node.napi.node'

npm manifest: 
  {
    "name": "dao-template",
    "devDependencies": {
      "@nomiclabs/hardhat-ethers": "npm:hardhat-deploy-ethers@0.3.0-beta.12",
      "@nomiclabs/hardhat-etherscan": "^3.0.0",
      "@nomiclabs/hardhat-waffle": "^2.0.2",
      "@openzeppelin/contracts": "^4.8.0",
      "@typechain/ethers-v5": "^9.0.0",
      "@typechain/hardhat": "^4.0.0",
      "@types/chai": "^4.3.0",
      "@types/mocha": "^9.1.0",
      "@types/node": "^17.0.13",
      "chai": "^4.3.6",
      "cross-env": "^7.0.2",
      "dotenv": "^10.0.0",
      "ethereum-waffle": "^3.4.0",
      "ethers": "^5.5.3",
      "fs": "^0.0.1-security",
      "fs-extra": "^10.0.0",
      "hardhat": "^2.8.3",
      "hardhat-deploy": "^0.10.4",
      "hardhat-gas-reporter": "^1.0.7",
      "prettier": "^2.5.1",
      "prettier-plugin-solidity": "^1.0.0-beta.19",
      "solhint": "^3.3.6",
      "solhint-plugin-prettier": "^0.0.5",
      "solidity-coverage": "^0.7.18",
      "ts-node": "^10.4.0",
      "typechain": "^8.1.0",
      "typescript": "^4.5.5"
    },
    "scripts": {
      "lint": "solhint 'contracts/*.sol'",
      "lint:fix": "solhint 'contracts/**/*.sol' --fix",
      "format": "yarn prettier --write .",
      "typechain": "yarn hardhat typechain",
      "ci:clean": "rm -rf ./artifacts ./cache .;types"
    }
  }

yarn manifest: 
  No manifest

Lockfile: 
  No lockfile
